BED75271605EBD0C|970916025516|yahoo chat
BED75271605EBD0C|970916030348|yahoo chat
BED75271605EBD0C|970916034807|yahoo chat
BED75271605EBD0C|970916040755|yahoo chat
BED75271605EBD0C|970916090700|hawaii chat universe
BED75271605EBD0C|970916094445|yahoo chat
BED75271605EBD0C|970916191427|yahoo chat
BED75271605EBD0C|970916201045|yahoo chat
BED75271605EBD0C|970916201050|yahoo chat
BED75271605EBD0C|970916201927|yahoo chat
824F413FA37520BF|970916184809|garter belts
824F413FA37520BF|970916184818|garter belts
824F413FA37520BF|970916184939|lingerie
824F413FA37520BF|970916185051|spiderman
824F413FA37520BF|970916185155|tommy hilfiger
824F413FA37520BF|970916185257|calgary
824F413FA37520BF|970916185513|calgary
824F413FA37520BF|970916185605|exhibitionists
824F413FA37520BF|970916190220|exhibitionists
73D74648CC2CA35E|970916122841|salvia trip reports
893C3ADD0EFBBECB|970916074735|fleetwood mac
893C3ADD0EFBBECB|970916074811|fleetwood mac
575DC994A9CF8D36|970916110752|evgeny kissin
575DC994A9CF8D36|970916110817|evgeny kissin yevgeny
575DC994A9CF8D36|970916113040|evgeny kissin yevgeny
54E8C79987B6F2F3|970916065614|pregnancy
54E8C79987B6F2F3|970916074831|pregnancy
54E8C79987B6F2F3|970916075153|pregnancy
54E8C79987B6F2F3|970916075210|pregnancy
54E8C79987B6F2F3|970916075236|pregnancy
54E8C79987B6F2F3|970916075302|pregnancy pregnant 
54E8C79987B6F2F3|970916080128|pregnancy pregnant 
54E8C79987B6F2F3|970916080202|pregnancy pregnant 
54E8C79987B6F2F3|970916080240|conceiving
54E8C79987B6F2F3|970916080404|conceiving
54E8C79987B6F2F3|970916080455|conceiving
3F8AAC2372F6941C|970916091354|blood alcohol content
3F8AAC2372F6941C|970916091425|
3F8AAC2372F6941C|970916091545|
3F8AAC2372F6941C|970916093448|
3F8AAC2372F6941C|970916093544|breathalizers
01F6B9CA495576BA|970916121358|salary canada
01F6B9CA495576BA|970916123855|salary canada
01F6B9CA495576BA|970916124000|salary canada
01F6B9CA495576BA|970916124134|salary canada
01F6B9CA495576BA|970916124134|salary canada
01F6B9CA495576BA|970916124156|salary canada
01F6B9CA495576BA|970916124432|salary canada
7F88C9EC4CD0BB3A|970916104228|kcchief.com
7F88C9EC4CD0BB3A|970916104256|kcchiefs.com
